<?xml version="1.0" encoding="UTF-8"?>
<!-- Generated by org.testng.reporters.JUnitReportReporter -->
<testsuite hostname="DESKTOP-HMKMG6M" failures="0" tests="1" name="testcases.TestScenarioTwo" time="26.484" errors="0" timestamp="2024-09-19T20:56:50 IST" skipped="0">
  <testcase classname="testcases.TestScenarioTwo" name="scenarioTwo_Sliderto_95" time="26.484"/>
  <system-out/>
</testsuite> <!-- testcases.TestScenarioTwo -->
