<?xml version="1.0" encoding="UTF-8"?>
<!-- Generated by org.testng.reporters.JUnitReportReporter -->
<testsuite hostname="DESKTOP-HMKMG6M" failures="0" tests="1" name="testcases.TestScenarioOne" time="14.864" errors="0" timestamp="2024-09-19T20:56:50 IST" skipped="0">
  <testcase classname="testcases.TestScenarioOne" name="scenarioOne_SimpleFormDemo" time="14.864"/>
  <system-out/>
</testsuite> <!-- testcases.TestScenarioOne -->
